<?xml version="1.0" encoding="UTF-8"?>
<!-- Generated by org.testng.reporters.JUnitReportReporter -->
<testsuite hostname="HP-PC" failures="0" tests="1" name="com.bestretail.qspiders.testcase.TC01_LoginintoHomepage" time="25.074" errors="0" timestamp="2023-05-02T09:24:55 IST" skipped="0">
  <testcase classname="com.bestretail.qspiders.testcase.TC01_LoginintoHomepage" name="logintoHomepage" time="25.074"/>
  <system-out/>
</testsuite> <!-- com.bestretail.qspiders.testcase.TC01_LoginintoHomepage -->
