<?xml version="1.0" encoding="UTF-8"?>
<!-- Generated by org.testng.reporters.JUnitReportReporter -->
<testsuite hostname="HP-PC" failures="0" tests="1" name="com.bestretail.qspiders.testcase.TC01_LoginintoHomepage" time="21.786" errors="0" timestamp="2023-04-29T22:25:32 IST" skipped="0">
  <testcase classname="com.bestretail.qspiders.testcase.TC01_LoginintoHomepage" name="logintoHomepage" time="21.786"/>
  <system-out/>
</testsuite> <!-- com.bestretail.qspiders.testcase.TC01_LoginintoHomepage -->
