<?xml version="1.0" encoding="UTF-8"?>
<!-- Generated by org.testng.reporters.JUnitReportReporter -->
<testsuite hostname="HP-PC" failures="0" tests="1" name="com.bestretail.qspiders.testcase.TC02_AddNewProduct" time="35.143" errors="0" timestamp="2023-05-05T19:44:17 IST" skipped="0">
  <testcase classname="com.bestretail.qspiders.testcase.TC02_AddNewProduct" name="addNewProduct" time="35.143"/>
  <system-out>
    <![CDATA[Logging into the application
clicking on catalog option
clicking on product button
clicking on Addproduct button]]>
  </system-out>
</testsuite> <!-- com.bestretail.qspiders.testcase.TC02_AddNewProduct -->
