<?xml version="1.0" encoding="UTF-8"?>
<!-- Generated by org.testng.reporters.JUnitReportReporter -->
<testsuite hostname="HP-PC" failures="0" tests="1" name="com.bestretail.qspiders.testcase.demi" time="27.028" errors="0" timestamp="2023-04-29T22:12:50 IST" skipped="0">
  <testcase classname="com.bestretail.qspiders.testcase.demi" name="jdsid" time="27.028"/>
  <system-out/>
</testsuite> <!-- com.bestretail.qspiders.testcase.demi -->
